2025-05-18T00:47:02.030Z - SyntaxError: Bad control character in string literal in JSON at position 28 (line 1 column 29)
    at JSON.parse (<anonymous>)
    at parse (/Users/bayarbileg/Projects/ai-assistant/node_modules/body-parser/lib/types/json.js:92:19)
    at /Users/bayarbileg/Projects/ai-assistant/node_modules/body-parser/lib/read.js:128:18
    at AsyncResource.runInAsyncScope (node:async_hooks:211:14)
    at invokeCallback (/Users/bayarbileg/Projects/ai-assistant/node_modules/raw-body/index.js:238:16)
    at done (/Users/bayarbileg/Projects/ai-assistant/node_modules/raw-body/index.js:227:7)
    at IncomingMessage.onEnd (/Users/bayarbileg/Projects/ai-assistant/node_modules/raw-body/index.js:287:7)
    at IncomingMessage.emit (node:events:507:28)
    at endReadableNT (node:internal/streams/readable:1696:12)
    at process.processTicksAndRejections (node:internal/process/task_queues:90:21)
2025-05-18T00:47:14.898Z - SyntaxError: Bad control character in string literal in JSON at position 28 (line 1 column 29)
    at JSON.parse (<anonymous>)
    at parse (/Users/bayarbileg/Projects/ai-assistant/node_modules/body-parser/lib/types/json.js:92:19)
    at /Users/bayarbileg/Projects/ai-assistant/node_modules/body-parser/lib/read.js:128:18
    at AsyncResource.runInAsyncScope (node:async_hooks:211:14)
    at invokeCallback (/Users/bayarbileg/Projects/ai-assistant/node_modules/raw-body/index.js:238:16)
    at done (/Users/bayarbileg/Projects/ai-assistant/node_modules/raw-body/index.js:227:7)
    at IncomingMessage.onEnd (/Users/bayarbileg/Projects/ai-assistant/node_modules/raw-body/index.js:287:7)
    at IncomingMessage.emit (node:events:507:28)
    at endReadableNT (node:internal/streams/readable:1696:12)
    at process.processTicksAndRejections (node:internal/process/task_queues:90:21)
2025-05-18T00:53:12.030Z - SyntaxError: Bad control character in string literal in JSON at position 28 (line 1 column 29)
    at JSON.parse (<anonymous>)
    at parse (/Users/bayarbileg/Projects/ai-assistant/node_modules/body-parser/lib/types/json.js:92:19)
    at /Users/bayarbileg/Projects/ai-assistant/node_modules/body-parser/lib/read.js:128:18
    at AsyncResource.runInAsyncScope (node:async_hooks:211:14)
    at invokeCallback (/Users/bayarbileg/Projects/ai-assistant/node_modules/raw-body/index.js:238:16)
    at done (/Users/bayarbileg/Projects/ai-assistant/node_modules/raw-body/index.js:227:7)
    at IncomingMessage.onEnd (/Users/bayarbileg/Projects/ai-assistant/node_modules/raw-body/index.js:287:7)
    at IncomingMessage.emit (node:events:507:28)
    at endReadableNT (node:internal/streams/readable:1696:12)
    at process.processTicksAndRejections (node:internal/process/task_queues:90:21)
2025-06-16T20:08:41.915Z [LOG] 16.06.2025, 22:08:41.915: [SRV] Telegram logging bot initialized for admin chat.
2025-06-16T20:08:41.925Z [LOG] 16.06.2025, 22:08:41.925: Server running on http://100.91.174.117:3000 (bound to 0.0.0.0:3000)
2025-06-16T20:08:41.926Z [LOG] 16.06.2025, 22:08:41.926: Open http://localhost:3000 or http://127.0.0.1:3000 in your browser if running locally.
